This is pdfTeX, Version 3.14159265-2.6-1.40.17 (TeX Live 2016) (preloaded format=pdflatex 2016.9.28)  14 MAY 2017 08:24
entering extended mode
 restricted \write18 enabled.
 file:line:error style messages enabled.
 %&-line parsing enabled.
**ton_caching.tex
(./ton_caching.tex
LaTeX2e <2016/03/31>
Babel <3.9r> and hyphenation patterns for 83 language(s) loaded.
(./IEEEtran.cls
Document Class: IEEEtran 2015/08/26 V1.8b by Michael Shell
-- See the "IEEEtran_HOWTO" manual for usage information.
-- http://www.michaelshell.org/tex/ieeetran/
\@IEEEtrantmpdimenA=\dimen102
\@IEEEtrantmpdimenB=\dimen103
\@IEEEtrantmpdimenC=\dimen104
\@IEEEtrantmpcountA=\count79
\@IEEEtrantmpcountB=\count80
\@IEEEtrantmpcountC=\count81
\@IEEEtrantmptoksA=\toks14
LaTeX Font Info:    Try loading font information for OT1+ptm on input line 503.

(/usr/local/texlive/2016/texmf-dist/tex/latex/psnfss/ot1ptm.fd
File: ot1ptm.fd 2001/06/04 font definitions for OT1/ptm.
)
-- Using 8.5in x 11in (letter) paper.
-- Using PDF output.
\@IEEEnormalsizeunitybaselineskip=\dimen105
-- This is a 10 point document.
\CLASSINFOnormalsizebaselineskip=\dimen106
\CLASSINFOnormalsizeunitybaselineskip=\dimen107
\IEEEnormaljot=\dimen108
LaTeX Font Info:    Font shape `OT1/ptm/bx/n' in size <5> not available
(Font)              Font shape `OT1/ptm/b/n' tried instead on input line 1090.
LaTeX Font Info:    Font shape `OT1/ptm/bx/it' in size <5> not available
(Font)              Font shape `OT1/ptm/b/it' tried instead on input line 1090.

LaTeX Font Info:    Font shape `OT1/ptm/bx/n' in size <7> not available
(Font)              Font shape `OT1/ptm/b/n' tried instead on input line 1090.
LaTeX Font Info:    Font shape `OT1/ptm/bx/it' in size <7> not available
(Font)              Font shape `OT1/ptm/b/it' tried instead on input line 1090.

LaTeX Font Info:    Font shape `OT1/ptm/bx/n' in size <8> not available
(Font)              Font shape `OT1/ptm/b/n' tried instead on input line 1090.
LaTeX Font Info:    Font shape `OT1/ptm/bx/it' in size <8> not available
(Font)              Font shape `OT1/ptm/b/it' tried instead on input line 1090.

LaTeX Font Info:    Font shape `OT1/ptm/bx/n' in size <9> not available
(Font)              Font shape `OT1/ptm/b/n' tried instead on input line 1090.
LaTeX Font Info:    Font shape `OT1/ptm/bx/it' in size <9> not available
(Font)              Font shape `OT1/ptm/b/it' tried instead on input line 1090.

LaTeX Font Info:    Font shape `OT1/ptm/bx/n' in size <10> not available
(Font)              Font shape `OT1/ptm/b/n' tried instead on input line 1090.
LaTeX Font Info:    Font shape `OT1/ptm/bx/it' in size <10> not available
(Font)              Font shape `OT1/ptm/b/it' tried instead on input line 1090.

LaTeX Font Info:    Font shape `OT1/ptm/bx/n' in size <11> not available
(Font)              Font shape `OT1/ptm/b/n' tried instead on input line 1090.
LaTeX Font Info:    Font shape `OT1/ptm/bx/it' in size <11> not available
(Font)              Font shape `OT1/ptm/b/it' tried instead on input line 1090.

LaTeX Font Info:    Font shape `OT1/ptm/bx/n' in size <12> not available
(Font)              Font shape `OT1/ptm/b/n' tried instead on input line 1090.
LaTeX Font Info:    Font shape `OT1/ptm/bx/it' in size <12> not available
(Font)              Font shape `OT1/ptm/b/it' tried instead on input line 1090.

LaTeX Font Info:    Font shape `OT1/ptm/bx/n' in size <17> not available
(Font)              Font shape `OT1/ptm/b/n' tried instead on input line 1090.
LaTeX Font Info:    Font shape `OT1/ptm/bx/it' in size <17> not available
(Font)              Font shape `OT1/ptm/b/it' tried instead on input line 1090.

LaTeX Font Info:    Font shape `OT1/ptm/bx/n' in size <20> not available
(Font)              Font shape `OT1/ptm/b/n' tried instead on input line 1090.
LaTeX Font Info:    Font shape `OT1/ptm/bx/it' in size <20> not available
(Font)              Font shape `OT1/ptm/b/it' tried instead on input line 1090.

LaTeX Font Info:    Font shape `OT1/ptm/bx/n' in size <24> not available
(Font)              Font shape `OT1/ptm/b/n' tried instead on input line 1090.
LaTeX Font Info:    Font shape `OT1/ptm/bx/it' in size <24> not available
(Font)              Font shape `OT1/ptm/b/it' tried instead on input line 1090.

\IEEEquantizedlength=\dimen109
\IEEEquantizedlengthdiff=\dimen110
\IEEEquantizedtextheightdiff=\dimen111
\IEEEilabelindentA=\dimen112
\IEEEilabelindentB=\dimen113
\IEEEilabelindent=\dimen114
\IEEEelabelindent=\dimen115
\IEEEdlabelindent=\dimen116
\IEEElabelindent=\dimen117
\IEEEiednormlabelsep=\dimen118
\IEEEiedmathlabelsep=\dimen119
\IEEEiedtopsep=\skip41
\c@section=\count82
\c@subsection=\count83
\c@subsubsection=\count84
\c@paragraph=\count85
\c@IEEEsubequation=\count86
\abovecaptionskip=\skip42
\belowcaptionskip=\skip43
\c@figure=\count87
\c@table=\count88
\@IEEEeqnnumcols=\count89
\@IEEEeqncolcnt=\count90
\@IEEEsubeqnnumrollback=\count91
\@IEEEquantizeheightA=\dimen120
\@IEEEquantizeheightB=\dimen121
\@IEEEquantizeheightC=\dimen122
\@IEEEquantizeprevdepth=\dimen123
\@IEEEquantizemultiple=\count92
\@IEEEquantizeboxA=\box26
\@IEEEtmpitemindent=\dimen124
\IEEEPARstartletwidth=\dimen125
\c@IEEEbiography=\count93
\@IEEEtranrubishbin=\box27
) (/usr/local/texlive/2016/texmf-dist/tex/latex/was/upgreek.sty
Package: upgreek 2003/02/12 v2.0 (WaS)
Package upgreek Info: Using Euler Roman for upright Greek on input line 31.
\symugrf@m=\mathgroup4
LaTeX Font Info:    Overwriting symbol font `ugrf@m' in version `bold'
(Font)                  U/eur/m/n --> U/eur/b/n on input line 38.
)
(/usr/local/texlive/2016/texmf-dist/tex/latex/cite/cite.sty
LaTeX Info: Redefining \cite on input line 302.
LaTeX Info: Redefining \nocite on input line 332.
Package: cite 2015/02/27  v 5.5
)
(/usr/local/texlive/2016/texmf-dist/tex/latex/graphics/graphicx.sty
Package: graphicx 2014/10/28 v1.0g Enhanced LaTeX Graphics (DPC,SPQR)

(/usr/local/texlive/2016/texmf-dist/tex/latex/graphics/keyval.sty
Package: keyval 2014/10/28 v1.15 key=value parser (DPC)
\KV@toks@=\toks15
)
(/usr/local/texlive/2016/texmf-dist/tex/latex/graphics/graphics.sty
Package: graphics 2016/05/09 v1.0r Standard LaTeX Graphics (DPC,SPQR)

(/usr/local/texlive/2016/texmf-dist/tex/latex/graphics/trig.sty
Package: trig 2016/01/03 v1.10 sin cos tan (DPC)
)
(/usr/local/texlive/2016/texmf-dist/tex/latex/graphics-cfg/graphics.cfg
File: graphics.cfg 2016/01/02 v1.10 sample graphics configuration
)
Package graphics Info: Driver file: pdftex.def on input line 96.

(/usr/local/texlive/2016/texmf-dist/tex/latex/pdftex-def/pdftex.def
File: pdftex.def 2011/05/27 v0.06d Graphics/color for pdfTeX

(/usr/local/texlive/2016/texmf-dist/tex/generic/oberdiek/infwarerr.sty
Package: infwarerr 2016/05/16 v1.4 Providing info/warning/error messages (HO)
)
(/usr/local/texlive/2016/texmf-dist/tex/generic/oberdiek/ltxcmds.sty
Package: ltxcmds 2016/05/16 v1.23 LaTeX kernel commands for general use (HO)
)
\Gread@gobject=\count94
))
\Gin@req@height=\dimen126
\Gin@req@width=\dimen127
)
(/usr/local/texlive/2016/texmf-dist/tex/latex/subfigure/subfigure.sty
Package: subfigure 2002/03/15 v2.1.5 subfigure package
\subfigtopskip=\skip44
\subfigcapskip=\skip45
\subfigcaptopadj=\dimen128
\subfigbottomskip=\skip46
\subfigcapmargin=\dimen129
\subfiglabelskip=\skip47
\c@subfigure=\count95
\c@lofdepth=\count96
\c@subtable=\count97
\c@lotdepth=\count98

****************************************
* Local config file subfigure.cfg used *
****************************************
(/usr/local/texlive/2016/texmf-dist/tex/latex/subfigure/subfigure.cfg)
\subfig@top=\skip48
\subfig@bottom=\skip49
)
(/usr/local/texlive/2016/texmf-dist/tex/latex/amsmath/amsmath.sty
Package: amsmath 2016/03/10 v2.15b AMS math features
\@mathmargin=\skip50

For additional information on amsmath, use the `?' option.
(/usr/local/texlive/2016/texmf-dist/tex/latex/amsmath/amstext.sty
Package: amstext 2000/06/29 v2.01 AMS text

(/usr/local/texlive/2016/texmf-dist/tex/latex/amsmath/amsgen.sty
File: amsgen.sty 1999/11/30 v2.0 generic functions
\@emptytoks=\toks16
\ex@=\dimen130
))
(/usr/local/texlive/2016/texmf-dist/tex/latex/amsmath/amsbsy.sty
Package: amsbsy 1999/11/29 v1.2d Bold Symbols
\pmbraise@=\dimen131
)
(/usr/local/texlive/2016/texmf-dist/tex/latex/amsmath/amsopn.sty
Package: amsopn 2016/03/08 v2.02 operator names
)
\inf@bad=\count99
LaTeX Info: Redefining \frac on input line 199.
\uproot@=\count100
\leftroot@=\count101
LaTeX Info: Redefining \overline on input line 297.
\classnum@=\count102
\DOTSCASE@=\count103
LaTeX Info: Redefining \ldots on input line 394.
LaTeX Info: Redefining \dots on input line 397.
LaTeX Info: Redefining \cdots on input line 518.
\Mathstrutbox@=\box28
\strutbox@=\box29
\big@size=\dimen132
LaTeX Font Info:    Redeclaring font encoding OML on input line 634.
LaTeX Font Info:    Redeclaring font encoding OMS on input line 635.
\macc@depth=\count104
\c@MaxMatrixCols=\count105
\dotsspace@=\muskip10
\c@parentequation=\count106
\dspbrk@lvl=\count107
\tag@help=\toks17
\row@=\count108
\column@=\count109
\maxfields@=\count110
\andhelp@=\toks18
\eqnshift@=\dimen133
\alignsep@=\dimen134
\tagshift@=\dimen135
\tagwidth@=\dimen136
\totwidth@=\dimen137
\lineht@=\dimen138
\@envbody=\toks19
\multlinegap=\skip51
\multlinetaggap=\skip52
\mathdisplay@stack=\toks20
LaTeX Info: Redefining \[ on input line 2739.
LaTeX Info: Redefining \] on input line 2740.
)
(/usr/local/texlive/2016/texmf-dist/tex/latex/amsfonts/amssymb.sty
Package: amssymb 2013/01/14 v3.01 AMS font symbols

(/usr/local/texlive/2016/texmf-dist/tex/latex/amsfonts/amsfonts.sty
Package: amsfonts 2013/01/14 v3.01 Basic AMSFonts support
\symAMSa=\mathgroup5
\symAMSb=\mathgroup6
LaTeX Font Info:    Overwriting math alphabet `\mathfrak' in version `bold'
(Font)                  U/euf/m/n --> U/euf/b/n on input line 106.
))
(/usr/local/texlive/2016/texmf-dist/tex/latex/tabulary/tabulary.sty
Package: tabulary 2014/06/11 v0.10 tabulary package (DPC)

(/usr/local/texlive/2016/texmf-dist/tex/latex/tools/array.sty
Package: array 2014/10/28 v2.4c Tabular extension package (FMi)
\col@sep=\dimen139
\extrarowheight=\dimen140
\NC@list=\toks21
\extratabsurround=\skip53
\backup@length=\skip54
)
\TY@count=\count111
\TY@linewidth=\dimen141
\tymin=\dimen142
\tymax=\dimen143
\TY@tablewidth=\dimen144
)
(/usr/local/texlive/2016/texmf-dist/tex/latex/booktabs/booktabs.sty
Package: booktabs 2016/04/27 v1.618033 publication quality tables
\heavyrulewidth=\dimen145
\lightrulewidth=\dimen146
\cmidrulewidth=\dimen147
\belowrulesep=\dimen148
\belowbottomsep=\dimen149
\aboverulesep=\dimen150
\abovetopsep=\dimen151
\cmidrulesep=\dimen152
\cmidrulekern=\dimen153
\defaultaddspace=\dimen154
\@cmidla=\count112
\@cmidlb=\count113
\@aboverulesep=\dimen155
\@belowrulesep=\dimen156
\@thisruleclass=\count114
\@lastruleclass=\count115
\@thisrulewidth=\dimen157
)
(/usr/local/texlive/2016/texmf-dist/tex/latex/tools/longtable.sty
Package: longtable 2014/10/28 v4.11 Multi-page Table package (DPC)
\LTleft=\skip55
\LTright=\skip56
\LTpre=\skip57
\LTpost=\skip58
\LTchunksize=\count116
\LTcapwidth=\dimen158
\LT@head=\box30
\LT@firsthead=\box31
\LT@foot=\box32
\LT@lastfoot=\box33
\LT@cols=\count117
\LT@rows=\count118
\c@LT@tables=\count119
\c@LT@chunks=\count120
\LT@p@ftn=\toks22
)
(/usr/local/texlive/2016/texmf-dist/tex/latex/tools/tabularx.sty
Package: tabularx 2016/02/03 v2.11 `tabularx' package (DPC)
\TX@col@width=\dimen159
\TX@old@table=\dimen160
\TX@old@col=\dimen161
\TX@target=\dimen162
\TX@delta=\dimen163
\TX@cols=\count121
\TX@ftn=\toks23
)
(/usr/local/texlive/2016/texmf-dist/tex/latex/caption/caption.sty
Package: caption 2016/02/21 v3.3-144 Customizing captions (AR)

(/usr/local/texlive/2016/texmf-dist/tex/latex/caption/caption3.sty
Package: caption3 2016/02/04 v1.7-139 caption3 kernel (AR)
Package caption3 Info: TeX engine: e-TeX on input line 67.
\captionmargin=\dimen164
\captionmargin@=\dimen165
\captionwidth=\dimen166
\caption@tempdima=\dimen167
\caption@indent=\dimen168
\caption@parindent=\dimen169
\caption@hangindent=\dimen170
Package caption Info: Unknown document class (or package),
(caption)             standard defaults will be used.
)

Package caption Warning: Unsupported document class (or package) detected,
(caption)                usage of the caption package is not recommended.
See the caption package documentation for explanation.

Package caption Info: \@makecaption = \long macro:#1#2->\ifx \@captype \@IEEEta
blestring \footnotesize \bgroup \par \centering \@IEEEtabletopskipstrut {\norma
lfont \footnotesize #1}\\{\normalfont \footnotesize \scshape #2}\par \addvspace
 {0.5\baselineskip }\egroup \@IEEEtablecaptionsepspace \else \@IEEEfigurecaptio
nsepspace \setbox \@tempboxa \hbox {\normalfont \footnotesize {#1.}\nobreakspac
e \nobreakspace #2}\ifdim \wd \@tempboxa >\hsize \setbox \@tempboxa \hbox {\nor
malfont \footnotesize {#1.}\nobreakspace \nobreakspace }\parbox [t]{\hsize }{\n
ormalfont \footnotesize \noindent \unhbox \@tempboxa #2}\else \ifCLASSOPTIONcon
ference \hbox to\hsize {\normalfont \footnotesize \hfil \box \@tempboxa \hfil }
\else \hbox to\hsize {\normalfont \footnotesize \box \@tempboxa \hfil }\fi \fi 
\fi .
\c@ContinuedFloat=\count122
Package caption Info: longtable package is loaded.
(/usr/local/texlive/2016/texmf-dist/tex/latex/caption/ltcaption.sty
Package: ltcaption 2013/06/09 v1.4-94 longtable captions (AR)
)
Package caption Info: subfigure package is loaded.
)
(/usr/local/texlive/2016/texmf-dist/tex/latex/url/url.sty
\Urlmuskip=\muskip11
Package: url 2013/09/16  ver 3.4  Verb mode for urls, etc.
)
\c@definition=\count123
\c@lemma=\count124
\c@theorem=\count125
\c@proposition=\count126

(/usr/local/texlive/2016/texmf-dist/tex/latex/algorithms/algorithm.sty
Package: algorithm 2009/08/24 v0.1 Document Style `algorithm' - floating enviro
nment

(/usr/local/texlive/2016/texmf-dist/tex/latex/float/float.sty
Package: float 2001/11/08 v1.3d Float enhancements (AL)
\c@float@type=\count127
\float@exts=\toks24
\float@box=\box34
\@float@everytoks=\toks25
\@floatcapt=\box35
)
(/usr/local/texlive/2016/texmf-dist/tex/latex/base/ifthen.sty
Package: ifthen 2014/09/29 v1.1c Standard LaTeX ifthen package (DPC)
)
\@float@every@algorithm=\toks26
\c@algorithm=\count128
)
(/usr/local/texlive/2016/texmf-dist/tex/latex/algorithms/algorithmic.sty
Package: algorithmic 2009/08/24 v0.1 Document Style `algorithmic'
\c@ALC@unique=\count129
\c@ALC@line=\count130
\c@ALC@rem=\count131
\c@ALC@depth=\count132
\ALC@tlm=\skip59
\algorithmicindent=\skip60
)
(./ton_caching.aux)
\openout1 = `ton_caching.aux'.

LaTeX Font Info:    Checking defaults for OML/cmm/m/it on input line 158.
LaTeX Font Info:    ... okay on input line 158.
LaTeX Font Info:    Checking defaults for T1/cmr/m/n on input line 158.
LaTeX Font Info:    ... okay on input line 158.
LaTeX Font Info:    Checking defaults for OT1/cmr/m/n on input line 158.
LaTeX Font Info:    ... okay on input line 158.
LaTeX Font Info:    Checking defaults for OMS/cmsy/m/n on input line 158.
LaTeX Font Info:    ... okay on input line 158.
LaTeX Font Info:    Checking defaults for OMX/cmex/m/n on input line 158.
LaTeX Font Info:    ... okay on input line 158.
LaTeX Font Info:    Checking defaults for U/cmr/m/n on input line 158.
LaTeX Font Info:    ... okay on input line 158.

-- Lines per column: 58 (exact).
(/usr/local/texlive/2016/texmf-dist/tex/context/base/mkii/supp-pdf.mkii
[Loading MPS to PDF converter (version 2006.09.02).]
\scratchcounter=\count133
\scratchdimen=\dimen171
\scratchbox=\box36
\nofMPsegments=\count134
\nofMParguments=\count135
\everyMPshowfont=\toks27
\MPscratchCnt=\count136
\MPscratchDim=\dimen172
\MPnumerator=\count137
\makeMPintoPDFobject=\count138
\everyMPtoPDFconversion=\toks28
) (/usr/local/texlive/2016/texmf-dist/tex/generic/oberdiek/pdftexcmds.sty
Package: pdftexcmds 2016/05/10 v0.21 Utility functions of pdfTeX for LuaTeX (HO
)

(/usr/local/texlive/2016/texmf-dist/tex/generic/oberdiek/ifluatex.sty
Package: ifluatex 2016/05/16 v1.4 Provides the ifluatex switch (HO)
Package ifluatex Info: LuaTeX not detected.
)
(/usr/local/texlive/2016/texmf-dist/tex/generic/oberdiek/ifpdf.sty
Package: ifpdf 2016/05/14 v3.1 Provides the ifpdf switch
)
Package pdftexcmds Info: LuaTeX not detected.
Package pdftexcmds Info: \pdf@primitive is available.
Package pdftexcmds Info: \pdf@ifprimitive is available.
Package pdftexcmds Info: \pdfdraftmode found.
)
(/usr/local/texlive/2016/texmf-dist/tex/latex/oberdiek/epstopdf-base.sty
Package: epstopdf-base 2016/05/15 v2.6 Base part for package epstopdf

(/usr/local/texlive/2016/texmf-dist/tex/latex/oberdiek/grfext.sty
Package: grfext 2016/05/16 v1.2 Manage graphics extensions (HO)

(/usr/local/texlive/2016/texmf-dist/tex/generic/oberdiek/kvdefinekeys.sty
Package: kvdefinekeys 2016/05/16 v1.4 Define keys (HO)
))
(/usr/local/texlive/2016/texmf-dist/tex/latex/oberdiek/kvoptions.sty
Package: kvoptions 2016/05/16 v3.12 Key value format for package options (HO)

(/usr/local/texlive/2016/texmf-dist/tex/generic/oberdiek/kvsetkeys.sty
Package: kvsetkeys 2016/05/16 v1.17 Key value parser (HO)

(/usr/local/texlive/2016/texmf-dist/tex/generic/oberdiek/etexcmds.sty
Package: etexcmds 2016/05/16 v1.6 Avoid name clashes with e-TeX commands (HO)
Package etexcmds Info: Could not find \expanded.
(etexcmds)             That can mean that you are not using pdfTeX 1.50 or
(etexcmds)             that some package has redefined \expanded.
(etexcmds)             In the latter case, load this package earlier.
)))
Package grfext Info: Graphics extension search list:
(grfext)             [.png,.pdf,.jpg,.mps,.jpeg,.jbig2,.jb2,.PNG,.PDF,.JPG,.JPE
G,.JBIG2,.JB2,.eps]
(grfext)             \AppendGraphicsExtensions on input line 456.

(/usr/local/texlive/2016/texmf-dist/tex/latex/latexconfig/epstopdf-sys.cfg
File: epstopdf-sys.cfg 2010/07/13 v1.3 Configuration of (r)epstopdf for TeX Liv
e
))
Package caption Info: Begin \AtBeginDocument code.
Package caption Info: float package is loaded.
Package caption Info: End \AtBeginDocument code.
LaTeX Font Info:    Try loading font information for U+msa on input line 241.

(/usr/local/texlive/2016/texmf-dist/tex/latex/amsfonts/umsa.fd
File: umsa.fd 2013/01/14 v3.01 AMS symbols A
)
LaTeX Font Info:    Try loading font information for U+msb on input line 241.

(/usr/local/texlive/2016/texmf-dist/tex/latex/amsfonts/umsb.fd
File: umsb.fd 2013/01/14 v3.01 AMS symbols B
) [1{/usr/local/texlive/2016/texmf-var/fonts/map/pdftex/updmap/pdftex.map}


] [2] [3]

Package tabulary Warning: No suitable columns! on input line 678.


Package tabulary Warning: No suitable columns! on input line 693.

<./figs/performance/online_offline.pdf, id=24, 578.16pt x 433.62pt>
File: ./figs/performance/online_offline.pdf Graphic file (type pdf)

<use ./figs/performance/online_offline.pdf>
Package pdftex.def Info: ./figs/performance/online_offline.pdf used on input li
ne 703.
(pdftex.def)             Requested size: 201.60077pt x 151.20026pt.
 [4]
<./figs/background/system.pdf, id=32, 1027.84pt x 770.88pt>
File: ./figs/background/system.pdf Graphic file (type pdf)

<use ./figs/background/system.pdf>
Package pdftex.def Info: ./figs/background/system.pdf used on input line 720.
(pdftex.def)             Requested size: 201.60077pt x 151.19731pt.

Underfull \hbox (badness 3168) in paragraph at lines 776--782
[]\OT1/ptm/m/n/10 Algorithm 4[] is called when a new coflow ar-rives.
 []

[5 <./figs/performance/online_offline.pdf> <./figs/background/system.pdf>]

Package tabulary Warning: No suitable columns! on input line 833.


Overfull \hbox (2.23834pt too wide) in paragraph at lines 833--834
 [][] 
 []

Package epstopdf Info: Source file: <./figs/fake/fake2.eps>
(epstopdf)                    date: 2017-05-12 21:16:49
(epstopdf)                    size: 35584 bytes
(epstopdf)             Output file: <./figs/fake/fake2-eps-converted-to.pdf>
(epstopdf)                    date: 2017-05-12 21:16:59
(epstopdf)                    size: 20730 bytes
(epstopdf)             Command: <repstopdf --outfile=./figs/fake/fake2-eps-conv
erted-to.pdf ./figs/fake/fake2.eps>
(epstopdf)             \includegraphics on input line 850.
Package epstopdf Info: Output file is already uptodate.
<./figs/fake/fake2-eps-converted-to.pdf, id=86, 867.24pt x 433.62pt>
File: ./figs/fake/fake2-eps-converted-to.pdf Graphic file (type pdf)

<use ./figs/fake/fake2-eps-converted-to.pdf>
Package pdftex.def Info: ./figs/fake/fake2-eps-converted-to.pdf used on input l
ine 850.
(pdftex.def)             Requested size: 252.0pt x 125.998pt.
 [6 <./figs/fake/fake2-eps-converted-to.pdf>]
Package epstopdf Info: Source file: <./figs/fake/fake4.eps>
(epstopdf)                    date: 2017-05-12 21:16:49
(epstopdf)                    size: 35273 bytes
(epstopdf)             Output file: <./figs/fake/fake4-eps-converted-to.pdf>
(epstopdf)                    date: 2017-05-12 21:17:00
(epstopdf)                    size: 22186 bytes
(epstopdf)             Command: <repstopdf --outfile=./figs/fake/fake4-eps-conv
erted-to.pdf ./figs/fake/fake4.eps>
(epstopdf)             \includegraphics on input line 897.
Package epstopdf Info: Output file is already uptodate.

<./figs/fake/fake4-eps-converted-to.pdf, id=136, 867.24pt x 433.62pt>
File: ./figs/fake/fake4-eps-converted-to.pdf Graphic file (type pdf)

<use ./figs/fake/fake4-eps-converted-to.pdf>
Package pdftex.def Info: ./figs/fake/fake4-eps-converted-to.pdf used on input l
ine 897.
(pdftex.def)             Requested size: 252.0pt x 125.998pt.
Package epstopdf Info: Source file: <./figs/fake/fake5.eps>
(epstopdf)                    date: 2017-05-12 21:16:50
(epstopdf)                    size: 21185 bytes
(epstopdf)             Output file: <./figs/fake/fake5-eps-converted-to.pdf>
(epstopdf)                    date: 2017-05-12 21:17:00
(epstopdf)                    size: 15217 bytes
(epstopdf)             Command: <repstopdf --outfile=./figs/fake/fake5-eps-conv
erted-to.pdf ./figs/fake/fake5.eps>
(epstopdf)             \includegraphics on input line 904.
Package epstopdf Info: Output file is already uptodate.

<./figs/fake/fake5-eps-converted-to.pdf, id=137, 578.16pt x 433.62pt>
File: ./figs/fake/fake5-eps-converted-to.pdf Graphic file (type pdf)

<use ./figs/fake/fake5-eps-converted-to.pdf>
Package pdftex.def Info: ./figs/fake/fake5-eps-converted-to.pdf used on input l
ine 904.
(pdftex.def)             Requested size: 115.63243pt x 86.72246pt.
Package epstopdf Info: Source file: <./figs/fake/fake6.eps>
(epstopdf)                    date: 2017-05-12 21:16:50
(epstopdf)                    size: 20926 bytes
(epstopdf)             Output file: <./figs/fake/fake6-eps-converted-to.pdf>
(epstopdf)                    date: 2017-05-12 21:17:00
(epstopdf)                    size: 15233 bytes
(epstopdf)             Command: <repstopdf --outfile=./figs/fake/fake6-eps-conv
erted-to.pdf ./figs/fake/fake6.eps>
(epstopdf)             \includegraphics on input line 906.
Package epstopdf Info: Output file is already uptodate.

<./figs/fake/fake6-eps-converted-to.pdf, id=138, 578.16pt x 433.62pt>
File: ./figs/fake/fake6-eps-converted-to.pdf Graphic file (type pdf)

<use ./figs/fake/fake6-eps-converted-to.pdf>
Package pdftex.def Info: ./figs/fake/fake6-eps-converted-to.pdf used on input l
ine 906.
(pdftex.def)             Requested size: 115.63243pt x 86.72246pt.
Package epstopdf Info: Source file: <./figs/fake/fake3.eps>
(epstopdf)                    date: 2017-05-12 21:16:50
(epstopdf)                    size: 26953 bytes
(epstopdf)             Output file: <./figs/fake/fake3-eps-converted-to.pdf>
(epstopdf)                    date: 2017-05-12 21:17:01
(epstopdf)                    size: 18432 bytes
(epstopdf)             Command: <repstopdf --outfile=./figs/fake/fake3-eps-conv
erted-to.pdf ./figs/fake/fake3.eps>
(epstopdf)             \includegraphics on input line 954.
Package epstopdf Info: Output file is already uptodate.

<./figs/fake/fake3-eps-converted-to.pdf, id=139, 578.16pt x 433.62pt>
File: ./figs/fake/fake3-eps-converted-to.pdf Graphic file (type pdf)

<use ./figs/fake/fake3-eps-converted-to.pdf>
Package pdftex.def Info: ./figs/fake/fake3-eps-converted-to.pdf used on input l
ine 954.
(pdftex.def)             Requested size: 201.60077pt x 151.20026pt.
 [7 <./figs/fake/fake4-eps-converted-to.pdf> <./figs/fake/fake5-eps-converted-t
o.pdf> <./figs/fake/fake6-eps-converted-to.pdf> <./figs/fake/fake3-eps-converte
d-to.pdf>]
Package epstopdf Info: Source file: <./figs/real/weight_real_type.eps>
(epstopdf)                    date: 2017-05-05 00:44:31
(epstopdf)                    size: 51141 bytes
(epstopdf)             Output file: <./figs/real/weight_real_type-eps-converted
-to.pdf>
(epstopdf)                    date: 2017-05-05 00:46:08
(epstopdf)                    size: 26215 bytes
(epstopdf)             Command: <repstopdf --outfile=./figs/real/weight_real_ty
pe-eps-converted-to.pdf ./figs/real/weight_real_type.eps>
(epstopdf)             \includegraphics on input line 972.
Package epstopdf Info: Output file is already uptodate.

<./figs/real/weight_real_type-eps-converted-to.pdf, id=292, 867.24pt x 433.62pt
>
File: ./figs/real/weight_real_type-eps-converted-to.pdf Graphic file (type pdf)

 <use ./figs/real/weight_real_type-eps-converted-to.pdf>
Package pdftex.def Info: ./figs/real/weight_real_type-eps-converted-to.pdf used
 on input line 972.
(pdftex.def)             Requested size: 361.34999pt x 180.67676pt.
Package epstopdf Info: Source file: <./figs/real/weight_CDF_compare.eps>
(epstopdf)                    date: 2017-05-05 00:45:22
(epstopdf)                    size: 25052 bytes
(epstopdf)             Output file: <./figs/real/weight_CDF_compare-eps-convert
ed-to.pdf>
(epstopdf)                    date: 2017-05-05 00:46:09
(epstopdf)                    size: 17546 bytes
(epstopdf)             Command: <repstopdf --outfile=./figs/real/weight_CDF_com
pare-eps-converted-to.pdf ./figs/real/weight_CDF_compare.eps>
(epstopdf)             \includegraphics on input line 974.
Package epstopdf Info: Output file is already uptodate.

<./figs/real/weight_CDF_compare-eps-converted-to.pdf, id=293, 325.215pt x 433.6
2pt>
File: ./figs/real/weight_CDF_compare-eps-converted-to.pdf Graphic file (type pd
f)
 <use ./figs/real/weight_CDF_compare-eps-converted-to.pdf>
Package pdftex.def Info: ./figs/real/weight_CDF_compare-eps-converted-to.pdf us
ed on input line 974.
(pdftex.def)             Requested size: 137.31255pt x 183.08516pt.
Package epstopdf Info: Source file: <./figs/completion/real_type.eps>
(epstopdf)                    date: 2017-05-05 15:41:13
(epstopdf)                    size: 44990 bytes
(epstopdf)             Output file: <./figs/completion/real_type-eps-converted-
to.pdf>
(epstopdf)                    date: 2017-05-05 15:42:25
(epstopdf)                    size: 25127 bytes
(epstopdf)             Command: <repstopdf --outfile=./figs/completion/real_typ
e-eps-converted-to.pdf ./figs/completion/real_type.eps>
(epstopdf)             \includegraphics on input line 985.
Package epstopdf Info: Output file is already uptodate.

<./figs/completion/real_type-eps-converted-to.pdf, id=294, 867.24pt x 433.62pt>
File: ./figs/completion/real_type-eps-converted-to.pdf Graphic file (type pdf)
<use ./figs/completion/real_type-eps-converted-to.pdf>
Package pdftex.def Info: ./figs/completion/real_type-eps-converted-to.pdf used 
on input line 985.
(pdftex.def)             Requested size: 361.34999pt x 180.67676pt.
Package epstopdf Info: Source file: <./figs/completion/CDF_compare.eps>
(epstopdf)                    date: 2017-05-05 15:41:25
(epstopdf)                    size: 26670 bytes
(epstopdf)             Output file: <./figs/completion/CDF_compare-eps-converte
d-to.pdf>
(epstopdf)                    date: 2017-05-05 15:42:26
(epstopdf)                    size: 17932 bytes
(epstopdf)             Command: <repstopdf --outfile=./figs/completion/CDF_comp
are-eps-converted-to.pdf ./figs/completion/CDF_compare.eps>
(epstopdf)             \includegraphics on input line 986.
Package epstopdf Info: Output file is already uptodate.

<./figs/completion/CDF_compare-eps-converted-to.pdf, id=295, 325.215pt x 433.62
pt>
File: ./figs/completion/CDF_compare-eps-converted-to.pdf Graphic file (type pdf
)
 <use ./figs/completion/CDF_compare-eps-converted-to.pdf>
Package pdftex.def Info: ./figs/completion/CDF_compare-eps-converted-to.pdf use
d on input line 986.
(pdftex.def)             Requested size: 137.31255pt x 183.08516pt.
Package epstopdf Info: Source file: <./figs/different/fraclength.eps>
(epstopdf)                    date: 2017-05-05 01:16:30
(epstopdf)                    size: 43646 bytes
(epstopdf)             Output file: <./figs/different/fraclength-eps-converted-
to.pdf>
(epstopdf)                    date: 2017-05-05 01:20:08
(epstopdf)                    size: 20156 bytes
(epstopdf)             Command: <repstopdf --outfile=./figs/different/fraclengt
h-eps-converted-to.pdf ./figs/different/fraclength.eps>
(epstopdf)             \includegraphics on input line 993.
Package epstopdf Info: Output file is already uptodate.

<./figs/different/fraclength-eps-converted-to.pdf, id=296, 578.16pt x 433.62pt>
File: ./figs/different/fraclength-eps-converted-to.pdf Graphic file (type pdf)
<use ./figs/different/fraclength-eps-converted-to.pdf>
Package pdftex.def Info: ./figs/different/fraclength-eps-converted-to.pdf used 
on input line 993.
(pdftex.def)             Requested size: 119.24506pt x 89.4286pt.
Package epstopdf Info: Source file: <./figs/different/fracwidth.eps>
(epstopdf)                    date: 2017-05-05 01:19:01
(epstopdf)                    size: 32651 bytes
(epstopdf)             Output file: <./figs/different/fracwidth-eps-converted-t
o.pdf>
(epstopdf)                    date: 2017-05-05 01:20:09
(epstopdf)                    size: 18196 bytes
(epstopdf)             Command: <repstopdf --outfile=./figs/different/fracwidth
-eps-converted-to.pdf ./figs/different/fracwidth.eps>
(epstopdf)             \includegraphics on input line 995.
Package epstopdf Info: Output file is already uptodate.

<./figs/different/fracwidth-eps-converted-to.pdf, id=297, 578.16pt x 433.62pt>
File: ./figs/different/fracwidth-eps-converted-to.pdf Graphic file (type pdf)

<use ./figs/different/fracwidth-eps-converted-to.pdf>
Package pdftex.def Info: ./figs/different/fracwidth-eps-converted-to.pdf used o
n input line 995.
(pdftex.def)             Requested size: 119.24506pt x 89.4286pt.
Package epstopdf Info: Source file: <./figs/different/weight.eps>
(epstopdf)                    date: 2017-05-05 01:19:38
(epstopdf)                    size: 33440 bytes
(epstopdf)             Output file: <./figs/different/weight-eps-converted-to.p
df>
(epstopdf)                    date: 2017-05-05 01:20:09
(epstopdf)                    size: 19059 bytes
(epstopdf)             Command: <repstopdf --outfile=./figs/different/weight-ep
s-converted-to.pdf ./figs/different/weight.eps>
(epstopdf)             \includegraphics on input line 997.
Package epstopdf Info: Output file is already uptodate.

<./figs/different/weight-eps-converted-to.pdf, id=298, 578.16pt x 433.62pt>
File: ./figs/different/weight-eps-converted-to.pdf Graphic file (type pdf)

<use ./figs/different/weight-eps-converted-to.pdf>
Package pdftex.def Info: ./figs/different/weight-eps-converted-to.pdf used on i
nput line 997.
(pdftex.def)             Requested size: 119.24506pt x 89.4286pt.
Package epstopdf Info: Source file: <./figs/different/concurrent.eps>
(epstopdf)                    date: 2017-05-05 01:10:03
(epstopdf)                    size: 42769 bytes
(epstopdf)             Output file: <./figs/different/concurrent-eps-converted-
to.pdf>
(epstopdf)                    date: 2017-05-05 01:20:10
(epstopdf)                    size: 20996 bytes
(epstopdf)             Command: <repstopdf --outfile=./figs/different/concurren
t-eps-converted-to.pdf ./figs/different/concurrent.eps>
(epstopdf)             \includegraphics on input line 999.
Package epstopdf Info: Output file is already uptodate.

<./figs/different/concurrent-eps-converted-to.pdf, id=299, 578.16pt x 433.62pt>
File: ./figs/different/concurrent-eps-converted-to.pdf Graphic file (type pdf)
<use ./figs/different/concurrent-eps-converted-to.pdf>
Package pdftex.def Info: ./figs/different/concurrent-eps-converted-to.pdf used 
on input line 999.
(pdftex.def)             Requested size: 119.24506pt x 89.4286pt.
Package epstopdf Info: Source file: <./figs/fake/fake1.eps>
(epstopdf)                    date: 2017-05-12 21:16:49
(epstopdf)                    size: 40265 bytes
(epstopdf)             Output file: <./figs/fake/fake1-eps-converted-to.pdf>
(epstopdf)                    date: 2017-05-12 21:17:01
(epstopdf)                    size: 25206 bytes
(epstopdf)             Command: <repstopdf --outfile=./figs/fake/fake1-eps-conv
erted-to.pdf ./figs/fake/fake1.eps>
(epstopdf)             \includegraphics on input line 1006.
Package epstopdf Info: Output file is already uptodate.

<./figs/fake/fake1-eps-converted-to.pdf, id=300, 867.24pt x 433.62pt>
File: ./figs/fake/fake1-eps-converted-to.pdf Graphic file (type pdf)

<use ./figs/fake/fake1-eps-converted-to.pdf>
Package pdftex.def Info: ./figs/fake/fake1-eps-converted-to.pdf used on input l
ine 1006.
(pdftex.def)             Requested size: 252.0pt x 125.998pt.


Package tabulary Warning: No suitable columns! on input line 1033.

[8]
Underfull \vbox (badness 10000) has occurred while \output is active []


Underfull \vbox (badness 1735) has occurred while \output is active []

 [9 <./figs/real/weight_real_type-eps-converted-to.pdf> <./figs/real/weight_CDF
_compare-eps-converted-to.pdf> <./figs/completion/real_type-eps-converted-to.pd
f> <./figs/completion/CDF_compare-eps-converted-to.pdf> <./figs/different/fracl
ength-eps-converted-to.pdf> <./figs/different/fracwidth-eps-converted-to.pdf> <
./figs/different/weight-eps-converted-to.pdf> <./figs/different/concurrent-eps-
converted-to.pdf>] (./ton_caching.bbl
Missing character: There is no â in font ptmr7t!
Missing character: There is no ‹ in font ptmr7t!
Missing character: There is no † in font ptmr7t!
Missing character: There is no â in font ptmr7t!
Missing character: There is no € in font ptmr7t!
Missing character: There is no ” in font ptmr7t!
) [10 <./figs/fake/fake1-eps-converted-to.pdf>]
(./ton_caching.aux) ) 
Here is how much of TeX's memory you used:
 5456 strings out of 493014
 84850 string characters out of 6133351
 158177 words of memory out of 5000000
 8877 multiletter control sequences out of 15000+600000
 42542 words of font info for 90 fonts, out of 8000000 for 9000
 1141 hyphenation exceptions out of 8191
 38i,17n,39p,1585b,552s stack positions out of 5000i,500n,10000p,200000b,80000s
{/usr/local/texlive/2016/texmf-dist/fonts/enc/dvips/base/8
r.enc}</usr/local/texlive/2016/texmf-dist/fonts/type1/public/amsfonts/cm/cmex10
.pfb></usr/local/texlive/2016/texmf-dist/fonts/type1/public/amsfonts/cm/cmmi10.
pfb></usr/local/texlive/2016/texmf-dist/fonts/type1/public/amsfonts/cm/cmmi5.pf
b></usr/local/texlive/2016/texmf-dist/fonts/type1/public/amsfonts/cm/cmmi7.pfb>
</usr/local/texlive/2016/texmf-dist/fonts/type1/public/amsfonts/cm/cmmi8.pfb></
usr/local/texlive/2016/texmf-dist/fonts/type1/public/amsfonts/cm/cmr10.pfb></us
r/local/texlive/2016/texmf-dist/fonts/type1/public/amsfonts/cm/cmr7.pfb></usr/l
ocal/texlive/2016/texmf-dist/fonts/type1/public/amsfonts/cm/cmr8.pfb></usr/loca
l/texlive/2016/texmf-dist/fonts/type1/public/amsfonts/cm/cmsy10.pfb></usr/local
/texlive/2016/texmf-dist/fonts/type1/public/amsfonts/cm/cmsy7.pfb></usr/local/t
exlive/2016/texmf-dist/fonts/type1/public/amsfonts/cm/cmsy8.pfb></usr/local/tex
live/2016/texmf-dist/fonts/type1/public/amsfonts/symbols/msam10.pfb></usr/local
/texlive/2016/texmf-dist/fonts/type1/urw/times/utmb8a.pfb></usr/local/texlive/2
016/texmf-dist/fonts/type1/urw/times/utmbi8a.pfb></usr/local/texlive/2016/texmf
-dist/fonts/type1/urw/times/utmr8a.pfb></usr/local/texlive/2016/texmf-dist/font
s/type1/urw/times/utmri8a.pfb>
Output written on ton_caching.pdf (10 pages, 480936 bytes).
PDF statistics:
 753 PDF objects out of 1000 (max. 8388607)
 162 compressed objects within 2 object streams
 0 named destinations out of 1000 (max. 500000)
 81 words of extra memory for PDF output out of 10000 (max. 10000000)

